# JRE version: Java(TM) SE Runtime Environment (8.0_202-b08) (build 1.8.0_202-b08)
# Java VM: Java HotSpot(TM) 64-Bit Server VM (25.202-b08 mixed mode windows-amd64 compressed oops)
Heap:
 PSYoungGen      total 38912K, used 18464K [0x00000000f0000000, 0x00000000f3400000, 0x0000000100000000)
  eden space 36864K, 44% used [0x00000000f0000000,0x00000000f100c398,0x00000000f2400000)
  from space 2048K, 99% used [0x00000000f3200000,0x00000000f33fc010,0x00000000f3400000)
  to   space 2048K, 0% used [0x00000000f3000000,0x00000000f3000000,0x00000000f3200000)
 ParOldGen       total 28672K, used 10101K [0x00000000d0000000, 0x00000000d1c00000, 0x00000000f0000000)
  object space 28672K, 35% used [0x00000000d0000000,0x00000000d09dd6d8,0x00000000d1c00000)
 Metaspace       used 30762K, capacity 31156K, committed 31360K, reserved 1077248K
  class space    used 3842K, capacity 3952K, committed 3968K, reserved 1048576K
GC Heap History (10 events):
Event: 0.417 GC heap before
{Heap before GC invocations=1 (full 0):
 PSYoungGen      total 14336K, used 12288K [0x00000000f0000000, 0x00000000f1000000, 0x0000000100000000)
  eden space 12288K, 100% used [0x00000000f0000000,0x00000000f0c00000,0x00000000f0c00000)
  from space 2048K, 0% used [0x00000000f0e00000,0x00000000f0e00000,0x00000000f1000000)
  to   space 2048K, 0% used [0x00000000f0c00000,0x00000000f0c00000,0x00000000f0e00000)
 ParOldGen       total 32768K, used 0K [0x00000000d0000000, 0x00000000d2000000, 0x00000000f0000000)
  object space 32768K, 0% used [0x00000000d0000000,0x00000000d0000000,0x00000000d2000000)
 Metaspace       used 14095K, capacity 14286K, committed 14464K, reserved 1062912K
  class space    used 1764K, capacity 1844K, committed 1920K, reserved 1048576K
Event: 0.421 GC heap after
Heap after GC invocations=1 (full 0):
 PSYoungGen      total 14336K, used 2021K [0x00000000f0000000, 0x00000000f1c00000, 0x0000000100000000)
  eden space 12288K, 0% used [0x00000000f0000000,0x00000000f0000000,0x00000000f0c00000)
  from space 2048K, 98% used [0x00000000f0c00000,0x00000000f0df9528,0x00000000f0e00000)
  to   space 2048K, 0% used [0x00000000f1a00000,0x00000000f1a00000,0x00000000f1c00000)
 ParOldGen       total 32768K, used 1175K [0x00000000d0000000, 0x00000000d2000000, 0x00000000f0000000)
  object space 32768K, 3% used [0x00000000d0000000,0x00000000d0125d38,0x00000000d2000000)
 Metaspace       used 14095K, capacity 14286K, committed 14464K, reserved 1062912K
  class space    used 1764K, capacity 1844K, committed 1920K, reserved 1048576K
}
Event: 0.560 GC heap before
{Heap before GC invocations=2 (full 0):
 PSYoungGen      total 14336K, used 14309K [0x00000000f0000000, 0x00000000f1c00000, 0x0000000100000000)
  eden space 12288K, 100% used [0x00000000f0000000,0x00000000f0c00000,0x00000000f0c00000)
  from space 2048K, 98% used [0x00000000f0c00000,0x00000000f0df9528,0x00000000f0e00000)
  to   space 2048K, 0% used [0x00000000f1a00000,0x00000000f1a00000,0x00000000f1c00000)
 ParOldGen       total 32768K, used 1175K [0x00000000d0000000, 0x00000000d2000000, 0x00000000f0000000)
  object space 32768K, 3% used [0x00000000d0000000,0x00000000d0125d38,0x00000000d2000000)
 Metaspace       used 17769K, capacity 17998K, committed 18176K, reserved 1064960K
  class space    used 2142K, capacity 2228K, committed 2304K, reserved 1048576K
Event: 0.564 GC heap after
Heap after GC invocations=2 (full 0):
 PSYoungGen      total 26624K, used 2021K [0x00000000f0000000, 0x00000000f1c00000, 0x0000000100000000)
  eden space 24576K, 0% used [0x00000000f0000000,0x00000000f0000000,0x00000000f1800000)
  from space 2048K, 98% used [0x00000000f1a00000,0x00000000f1bf9528,0x00000000f1c00000)
  to   space 2048K, 0% used [0x00000000f1800000,0x00000000f1800000,0x00000000f1a00000)
 ParOldGen       total 32768K, used 3874K [0x00000000d0000000, 0x00000000d2000000, 0x00000000f0000000)
  object space 32768K, 11% used [0x00000000d0000000,0x00000000d03c8a28,0x00000000d2000000)
 Metaspace       used 17769K, capacity 17998K, committed 18176K, reserved 1064960K
  class space    used 2142K, capacity 2228K, committed 2304K, reserved 1048576K
}
Event: 0.701 GC heap before
{Heap before GC invocations=3 (full 0):
 PSYoungGen      total 26624K, used 19902K [0x00000000f0000000, 0x00000000f1c00000, 0x0000000100000000)
  eden space 24576K, 72% used [0x00000000f0000000,0x00000000f1176670,0x00000000f1800000)
  from space 2048K, 98% used [0x00000000f1a00000,0x00000000f1bf9528,0x00000000f1c00000)
  to   space 2048K, 0% used [0x00000000f1800000,0x00000000f1800000,0x00000000f1a00000)
 ParOldGen       total 32768K, used 3874K [0x00000000d0000000, 0x00000000d2000000, 0x00000000f0000000)
  object space 32768K, 11% used [0x00000000d0000000,0x00000000d03c8a28,0x00000000d2000000)
 Metaspace       used 20921K, capacity 21102K, committed 21248K, reserved 1067008K
  class space    used 2668K, capacity 2772K, committed 2816K, reserved 1048576K
Event: 0.706 GC heap after
Heap after GC invocations=3 (full 0):
 PSYoungGen      total 26624K, used 2021K [0x00000000f0000000, 0x00000000f3400000, 0x0000000100000000)
  eden space 24576K, 0% used [0x00000000f0000000,0x00000000f0000000,0x00000000f1800000)
  from space 2048K, 98% used [0x00000000f1800000,0x00000000f19f9528,0x00000000f1a00000)
  to   space 2048K, 0% used [0x00000000f3200000,0x00000000f3200000,0x00000000f3400000)
 ParOldGen       total 32768K, used 7223K [0x00000000d0000000, 0x00000000d2000000, 0x00000000f0000000)
  object space 32768K, 22% used [0x00000000d0000000,0x00000000d070dd08,0x00000000d2000000)
 Metaspace       used 20921K, capacity 21102K, committed 21248K, reserved 1067008K
  class space    used 2668K, capacity 2772K, committed 2816K, reserved 1048576K
}
Event: 0.706 GC heap before
{Heap before GC invocations=4 (full 1):
 PSYoungGen      total 26624K, used 2021K [0x00000000f0000000, 0x00000000f3400000, 0x0000000100000000)
  eden space 24576K, 0% used [0x00000000f0000000,0x00000000f0000000,0x00000000f1800000)
  from space 2048K, 98% used [0x00000000f1800000,0x00000000f19f9528,0x00000000f1a00000)
  to   space 2048K, 0% used [0x00000000f3200000,0x00000000f3200000,0x00000000f3400000)
 ParOldGen       total 32768K, used 7223K [0x00000000d0000000, 0x00000000d2000000, 0x00000000f0000000)
  object space 32768K, 22% used [0x00000000d0000000,0x00000000d070dd08,0x00000000d2000000)
 Metaspace       used 20921K, capacity 21102K, committed 21248K, reserved 1067008K
  class space    used 2668K, capacity 2772K, committed 2816K, reserved 1048576K
Event: 0.723 GC heap after
Heap after GC invocations=4 (full 1):
 PSYoungGen      total 26624K, used 0K [0x00000000f0000000, 0x00000000f3400000, 0x0000000100000000)
  eden space 24576K, 0% used [0x00000000f0000000,0x00000000f0000000,0x00000000f1800000)
  from space 2048K, 0% used [0x00000000f1800000,0x00000000f1800000,0x00000000f1a00000)
  to   space 2048K, 0% used [0x00000000f3200000,0x00000000f3200000,0x00000000f3400000)
 ParOldGen       total 28672K, used 5723K [0x00000000d0000000, 0x00000000d1c00000, 0x00000000f0000000)
  object space 28672K, 19% used [0x00000000d0000000,0x00000000d0596e60,0x00000000d1c00000)
 Metaspace       used 20921K, capacity 21102K, committed 21248K, reserved 1067008K
  class space    used 2668K, capacity 2772K, committed 2816K, reserved 1048576K
}
Event: 1.081 GC heap before
{Heap before GC invocations=5 (full 1):
 PSYoungGen      total 26624K, used 24576K [0x00000000f0000000, 0x00000000f3400000, 0x0000000100000000)
  eden space 24576K, 100% used [0x00000000f0000000,0x00000000f1800000,0x00000000f1800000)
  from space 2048K, 0% used [0x00000000f1800000,0x00000000f1800000,0x00000000f1a00000)
  to   space 2048K, 0% used [0x00000000f3200000,0x00000000f3200000,0x00000000f3400000)
 ParOldGen       total 28672K, used 5723K [0x00000000d0000000, 0x00000000d1c00000, 0x00000000f0000000)
  object space 28672K, 19% used [0x00000000d0000000,0x00000000d0596e60,0x00000000d1c00000)
 Metaspace       used 26498K, capacity 26786K, committed 27008K, reserved 1073152K
  class space    used 3279K, capacity 3395K, committed 3456K, reserved 1048576K
Event: 1.088 GC heap after
Heap after GC invocations=5 (full 1):
 PSYoungGen      total 38912K, used 2032K [0x00000000f0000000, 0x00000000f3400000, 0x0000000100000000)
  eden space 36864K, 0% used [0x00000000f0000000,0x00000000f0000000,0x00000000f2400000)
  from space 2048K, 99% used [0x00000000f3200000,0x00000000f33fc010,0x00000000f3400000)
  to   space 2048K, 0% used [0x00000000f3000000,0x00000000f3000000,0x00000000f3200000)
 ParOldGen       total 28672K, used 10101K [0x00000000d0000000, 0x00000000d1c00000, 0x00000000f0000000)
  object space 28672K, 35% used [0x00000000d0000000,0x00000000d09dd6d8,0x00000000d1c00000)
 Metaspace       used 26498K, capacity 26786K, committed 27008K, reserved 1073152K
  class space    used 3279K, capacity 3395K, committed 3456K, reserved 1048576K
}

