# JRE version: Java(TM) SE Runtime Environment (8.0_202-b08) (build 1.8.0_202-b08)
# Java VM: Java HotSpot(TM) 64-Bit Server VM (25.202-b08 mixed mode windows-amd64 compressed oops)
Heap:
 PSYoungGen      total 14336K, used 7786K [0x00000000f0000000, 0x00000000f1000000, 0x0000000100000000)
  eden space 12288K, 46% used [0x00000000f0000000,0x00000000f059e318,0x00000000f0c00000)
  from space 2048K, 99% used [0x00000000f0c00000,0x00000000f0dfc7f8,0x00000000f0e00000)
  to   space 2048K, 0% used [0x00000000f0e00000,0x00000000f0e00000,0x00000000f1000000)
 ParOldGen       total 26112K, used 6682K [0x00000000d0000000, 0x00000000d1980000, 0x00000000f0000000)
  object space 26112K, 25% used [0x00000000d0000000,0x00000000d0686ad0,0x00000000d1980000)
 Metaspace       used 24886K, capacity 25148K, committed 25216K, reserved 1071104K
  class space    used 3100K, capacity 3190K, committed 3200K, reserved 1048576K
GC Heap History (10 events):
Event: 0.729 GC heap before
{Heap before GC invocations=2 (full 0):
 PSYoungGen      total 14336K, used 14325K [0x00000000f0000000, 0x00000000f1000000, 0x0000000100000000)
  eden space 12288K, 100% used [0x00000000f0000000,0x00000000f0c00000,0x00000000f0c00000)
  from space 2048K, 99% used [0x00000000f0c00000,0x00000000f0dfd538,0x00000000f0e00000)
  to   space 2048K, 0% used [0x00000000f0e00000,0x00000000f0e00000,0x00000000f1000000)
 ParOldGen       total 32768K, used 1159K [0x00000000d0000000, 0x00000000d2000000, 0x00000000f0000000)
  object space 32768K, 3% used [0x00000000d0000000,0x00000000d0121f88,0x00000000d2000000)
 Metaspace       used 17765K, capacity 17934K, committed 18176K, reserved 1064960K
  class space    used 2142K, capacity 2228K, committed 2304K, reserved 1048576K
Event: 0.733 GC heap after
Heap after GC invocations=2 (full 0):
 PSYoungGen      total 14336K, used 2037K [0x00000000f0000000, 0x00000000f1000000, 0x0000000100000000)
  eden space 12288K, 0% used [0x00000000f0000000,0x00000000f0000000,0x00000000f0c00000)
  from space 2048K, 99% used [0x00000000f0e00000,0x00000000f0ffd538,0x00000000f1000000)
  to   space 2048K, 0% used [0x00000000f0c00000,0x00000000f0c00000,0x00000000f0e00000)
 ParOldGen       total 32768K, used 3909K [0x00000000d0000000, 0x00000000d2000000, 0x00000000f0000000)
  object space 32768K, 11% used [0x00000000d0000000,0x00000000d03d1548,0x00000000d2000000)
 Metaspace       used 17765K, capacity 17934K, committed 18176K, reserved 1064960K
  class space    used 2142K, capacity 2228K, committed 2304K, reserved 1048576K
}
Event: 0.836 GC heap before
{Heap before GC invocations=3 (full 0):
 PSYoungGen      total 14336K, used 14325K [0x00000000f0000000, 0x00000000f1000000, 0x0000000100000000)
  eden space 12288K, 100% used [0x00000000f0000000,0x00000000f0c00000,0x00000000f0c00000)
  from space 2048K, 99% used [0x00000000f0e00000,0x00000000f0ffd538,0x00000000f1000000)
  to   space 2048K, 0% used [0x00000000f0c00000,0x00000000f0c00000,0x00000000f0e00000)
 ParOldGen       total 32768K, used 3909K [0x00000000d0000000, 0x00000000d2000000, 0x00000000f0000000)
  object space 32768K, 11% used [0x00000000d0000000,0x00000000d03d1548,0x00000000d2000000)
 Metaspace       used 19980K, capacity 20206K, committed 20608K, reserved 1067008K
  class space    used 2495K, capacity 2580K, committed 2688K, reserved 1048576K
Event: 0.839 GC heap after
Heap after GC invocations=3 (full 0):
 PSYoungGen      total 14336K, used 2037K [0x00000000f0000000, 0x00000000f1000000, 0x0000000100000000)
  eden space 12288K, 0% used [0x00000000f0000000,0x00000000f0000000,0x00000000f0c00000)
  from space 2048K, 99% used [0x00000000f0c00000,0x00000000f0dfd538,0x00000000f0e00000)
  to   space 2048K, 0% used [0x00000000f0e00000,0x00000000f0e00000,0x00000000f1000000)
 ParOldGen       total 32768K, used 6012K [0x00000000d0000000, 0x00000000d2000000, 0x00000000f0000000)
  object space 32768K, 18% used [0x00000000d0000000,0x00000000d05df3b0,0x00000000d2000000)
 Metaspace       used 19980K, capacity 20206K, committed 20608K, reserved 1067008K
  class space    used 2495K, capacity 2580K, committed 2688K, reserved 1048576K
}
Event: 0.883 GC heap before
{Heap before GC invocations=4 (full 0):
 PSYoungGen      total 14336K, used 7450K [0x00000000f0000000, 0x00000000f1000000, 0x0000000100000000)
  eden space 12288K, 44% used [0x00000000f0000000,0x00000000f0549350,0x00000000f0c00000)
  from space 2048K, 99% used [0x00000000f0c00000,0x00000000f0dfd538,0x00000000f0e00000)
  to   space 2048K, 0% used [0x00000000f0e00000,0x00000000f0e00000,0x00000000f1000000)
 ParOldGen       total 32768K, used 6012K [0x00000000d0000000, 0x00000000d2000000, 0x00000000f0000000)
  object space 32768K, 18% used [0x00000000d0000000,0x00000000d05df3b0,0x00000000d2000000)
 Metaspace       used 20922K, capacity 21102K, committed 21248K, reserved 1067008K
  class space    used 2668K, capacity 2772K, committed 2816K, reserved 1048576K
Event: 0.886 GC heap after
Heap after GC invocations=4 (full 0):
 PSYoungGen      total 14336K, used 2021K [0x00000000f0000000, 0x00000000f1000000, 0x0000000100000000)
  eden space 12288K, 0% used [0x00000000f0000000,0x00000000f0000000,0x00000000f0c00000)
  from space 2048K, 98% used [0x00000000f0e00000,0x00000000f0ff9528,0x00000000f1000000)
  to   space 2048K, 0% used [0x00000000f0c00000,0x00000000f0c00000,0x00000000f0e00000)
 ParOldGen       total 32768K, used 7210K [0x00000000d0000000, 0x00000000d2000000, 0x00000000f0000000)
  object space 32768K, 22% used [0x00000000d0000000,0x00000000d070aae8,0x00000000d2000000)
 Metaspace       used 20922K, capacity 21102K, committed 21248K, reserved 1067008K
  class space    used 2668K, capacity 2772K, committed 2816K, reserved 1048576K
}
Event: 0.886 GC heap before
{Heap before GC invocations=5 (full 1):
 PSYoungGen      total 14336K, used 2021K [0x00000000f0000000, 0x00000000f1000000, 0x0000000100000000)
  eden space 12288K, 0% used [0x00000000f0000000,0x00000000f0000000,0x00000000f0c00000)
  from space 2048K, 98% used [0x00000000f0e00000,0x00000000f0ff9528,0x00000000f1000000)
  to   space 2048K, 0% used [0x00000000f0c00000,0x00000000f0c00000,0x00000000f0e00000)
 ParOldGen       total 32768K, used 7210K [0x00000000d0000000, 0x00000000d2000000, 0x00000000f0000000)
  object space 32768K, 22% used [0x00000000d0000000,0x00000000d070aae8,0x00000000d2000000)
 Metaspace       used 20922K, capacity 21102K, committed 21248K, reserved 1067008K
  class space    used 2668K, capacity 2772K, committed 2816K, reserved 1048576K
Event: 0.904 GC heap after
Heap after GC invocations=5 (full 1):
 PSYoungGen      total 14336K, used 0K [0x00000000f0000000, 0x00000000f1000000, 0x0000000100000000)
  eden space 12288K, 0% used [0x00000000f0000000,0x00000000f0000000,0x00000000f0c00000)
  from space 2048K, 0% used [0x00000000f0e00000,0x00000000f0e00000,0x00000000f1000000)
  to   space 2048K, 0% used [0x00000000f0c00000,0x00000000f0c00000,0x00000000f0e00000)
 ParOldGen       total 26112K, used 5723K [0x00000000d0000000, 0x00000000d1980000, 0x00000000f0000000)
  object space 26112K, 21% used [0x00000000d0000000,0x00000000d0596e60,0x00000000d1980000)
 Metaspace       used 20922K, capacity 21102K, committed 21248K, reserved 1067008K
  class space    used 2668K, capacity 2772K, committed 2816K, reserved 1048576K
}
Event: 1.240 GC heap before
{Heap before GC invocations=6 (full 1):
 PSYoungGen      total 14336K, used 12288K [0x00000000f0000000, 0x00000000f1000000, 0x0000000100000000)
  eden space 12288K, 100% used [0x00000000f0000000,0x00000000f0c00000,0x00000000f0c00000)
  from space 2048K, 0% used [0x00000000f0e00000,0x00000000f0e00000,0x00000000f1000000)
  to   space 2048K, 0% used [0x00000000f0c00000,0x00000000f0c00000,0x00000000f0e00000)
 ParOldGen       total 26112K, used 5723K [0x00000000d0000000, 0x00000000d1980000, 0x00000000f0000000)
  object space 26112K, 21% used [0x00000000d0000000,0x00000000d0596e60,0x00000000d1980000)
 Metaspace       used 23428K, capacity 23660K, committed 23808K, reserved 1071104K
  class space    used 2942K, capacity 3042K, committed 3072K, reserved 1048576K
Event: 1.246 GC heap after
Heap after GC invocations=6 (full 1):
 PSYoungGen      total 14336K, used 2033K [0x00000000f0000000, 0x00000000f1000000, 0x0000000100000000)
  eden space 12288K, 0% used [0x00000000f0000000,0x00000000f0000000,0x00000000f0c00000)
  from space 2048K, 99% used [0x00000000f0c00000,0x00000000f0dfc7f8,0x00000000f0e00000)
  to   space 2048K, 0% used [0x00000000f0e00000,0x00000000f0e00000,0x00000000f1000000)
 ParOldGen       total 26112K, used 6682K [0x00000000d0000000, 0x00000000d1980000, 0x00000000f0000000)
  object space 26112K, 25% used [0x00000000d0000000,0x00000000d0686ad0,0x00000000d1980000)
 Metaspace       used 23428K, capacity 23660K, committed 23808K, reserved 1071104K
  class space    used 2942K, capacity 3042K, committed 3072K, reserved 1048576K
}

